2023-10-07 23:14:43,404:WARNING:
'cuml' is a soft dependency and not included in the pycaret installation. Please run: `pip install cuml` to install.
2023-10-07 23:14:43,404:WARNING:
'cuml' is a soft dependency and not included in the pycaret installation. Please run: `pip install cuml` to install.
2023-10-07 23:14:43,404:WARNING:
'cuml' is a soft dependency and not included in the pycaret installation. Please run: `pip install cuml` to install.
2023-10-07 23:14:43,404:WARNING:
'cuml' is a soft dependency and not included in the pycaret installation. Please run: `pip install cuml` to install.
2023-10-07 23:16:08,566:INFO:PyCaret ClassificationExperiment
2023-10-07 23:16:08,566:INFO:Logging name: clf-default-name
2023-10-07 23:16:08,567:INFO:ML Usecase: MLUsecase.CLASSIFICATION
2023-10-07 23:16:08,567:INFO:version 3.1.0
2023-10-07 23:16:08,568:INFO:Initializing setup()
2023-10-07 23:16:08,568:INFO:self.USI: b0de
2023-10-07 23:16:08,568:INFO:self._variable_keys: {'exp_name_log', 'X', 'fold_shuffle_param', 'y', 'seed', 'idx', 'gpu_n_jobs_param', 'USI', 'is_multiclass', 'data', 'log_plots_param', 'fix_imbalance', 'X_train', '_ml_usecase', 'fold_generator', 'gpu_param', 'X_test', 'y_train', 'memory', 'n_jobs_param', 'logging_param', 'pipeline', 'html_param', 'fold_groups_param', 'y_test', 'exp_id', '_available_plots', 'target_param'}
2023-10-07 23:16:08,568:INFO:Checking environment
2023-10-07 23:16:08,569:INFO:python_version: 3.10.10
2023-10-07 23:16:08,569:INFO:python_build: ('main', 'Mar 21 2023 18:39:17')
2023-10-07 23:16:08,569:INFO:machine: AMD64
2023-10-07 23:16:08,569:INFO:platform: Windows-10-10.0.22621-SP0
2023-10-07 23:16:08,569:INFO:Memory: svmem(total=8423378944, available=954351616, percent=88.7, used=7469027328, free=954351616)
2023-10-07 23:16:08,569:INFO:Physical Core: 4
2023-10-07 23:16:08,570:INFO:Logical Core: 8
2023-10-07 23:16:08,570:INFO:Checking libraries
2023-10-07 23:16:08,570:INFO:System:
2023-10-07 23:16:08,570:INFO:    python: 3.10.10 | packaged by Anaconda, Inc. | (main, Mar 21 2023, 18:39:17) [MSC v.1916 64 bit (AMD64)]
2023-10-07 23:16:08,570:INFO:executable: C:\Users\nudan\anaconda3\python.exe
2023-10-07 23:16:08,570:INFO:   machine: Windows-10-10.0.22621-SP0
2023-10-07 23:16:08,570:INFO:PyCaret required dependencies:
2023-10-07 23:16:10,010:INFO:                 pip: 22.3.1
2023-10-07 23:16:10,010:INFO:          setuptools: 65.6.3
2023-10-07 23:16:10,010:INFO:             pycaret: 3.1.0
2023-10-07 23:16:10,011:INFO:             IPython: 8.10.0
2023-10-07 23:16:10,011:INFO:          ipywidgets: 7.6.5
2023-10-07 23:16:10,011:INFO:                tqdm: 4.65.0
2023-10-07 23:16:10,011:INFO:               numpy: 1.23.5
2023-10-07 23:16:10,011:INFO:              pandas: 1.5.3
2023-10-07 23:16:10,011:INFO:              jinja2: 3.1.2
2023-10-07 23:16:10,011:INFO:               scipy: 1.10.1
2023-10-07 23:16:10,011:INFO:              joblib: 1.2.0
2023-10-07 23:16:10,012:INFO:             sklearn: 1.2.1
2023-10-07 23:16:10,013:INFO:                pyod: 1.1.0
2023-10-07 23:16:10,014:INFO:            imblearn: 0.10.1
2023-10-07 23:16:10,014:INFO:   category_encoders: 2.6.2
2023-10-07 23:16:10,014:INFO:            lightgbm: 4.1.0
2023-10-07 23:16:10,014:INFO:               numba: 0.56.4
2023-10-07 23:16:10,014:INFO:            requests: 2.28.1
2023-10-07 23:16:10,014:INFO:          matplotlib: 3.7.0
2023-10-07 23:16:10,014:INFO:          scikitplot: 0.3.7
2023-10-07 23:16:10,015:INFO:         yellowbrick: 1.5
2023-10-07 23:16:10,015:INFO:              plotly: 5.9.0
2023-10-07 23:16:10,015:INFO:    plotly-resampler: Not installed
2023-10-07 23:16:10,015:INFO:             kaleido: 0.2.1
2023-10-07 23:16:10,015:INFO:           schemdraw: 0.15
2023-10-07 23:16:10,015:INFO:         statsmodels: 0.13.5
2023-10-07 23:16:10,016:INFO:              sktime: 0.21.1
2023-10-07 23:16:10,016:INFO:               tbats: 1.1.3
2023-10-07 23:16:10,016:INFO:            pmdarima: 2.0.3
2023-10-07 23:16:10,016:INFO:              psutil: 5.9.0
2023-10-07 23:16:10,016:INFO:          markupsafe: 2.1.1
2023-10-07 23:16:10,016:INFO:             pickle5: Not installed
2023-10-07 23:16:10,018:INFO:         cloudpickle: 2.0.0
2023-10-07 23:16:10,018:INFO:         deprecation: 2.1.0
2023-10-07 23:16:10,018:INFO:              xxhash: 3.4.1
2023-10-07 23:16:10,018:INFO:           wurlitzer: Not installed
2023-10-07 23:16:10,018:INFO:PyCaret optional dependencies:
2023-10-07 23:16:10,265:INFO:                shap: Not installed
2023-10-07 23:16:10,265:INFO:           interpret: Not installed
2023-10-07 23:16:10,265:INFO:                umap: Not installed
2023-10-07 23:16:10,265:INFO:     ydata_profiling: Not installed
2023-10-07 23:16:10,265:INFO:  explainerdashboard: Not installed
2023-10-07 23:16:10,265:INFO:             autoviz: Not installed
2023-10-07 23:16:10,265:INFO:           fairlearn: Not installed
2023-10-07 23:16:10,265:INFO:          deepchecks: Not installed
2023-10-07 23:16:10,265:INFO:             xgboost: 2.0.0
2023-10-07 23:16:10,265:INFO:            catboost: Not installed
2023-10-07 23:16:10,266:INFO:              kmodes: Not installed
2023-10-07 23:16:10,266:INFO:             mlxtend: Not installed
2023-10-07 23:16:10,266:INFO:       statsforecast: Not installed
2023-10-07 23:16:10,266:INFO:        tune_sklearn: Not installed
2023-10-07 23:16:10,266:INFO:                 ray: Not installed
2023-10-07 23:16:10,266:INFO:            hyperopt: Not installed
2023-10-07 23:16:10,266:INFO:              optuna: Not installed
2023-10-07 23:16:10,266:INFO:               skopt: Not installed
2023-10-07 23:16:10,266:INFO:              mlflow: Not installed
2023-10-07 23:16:10,266:INFO:              gradio: Not installed
2023-10-07 23:16:10,266:INFO:             fastapi: Not installed
2023-10-07 23:16:10,266:INFO:             uvicorn: 0.22.0
2023-10-07 23:16:10,266:INFO:              m2cgen: Not installed
2023-10-07 23:16:10,266:INFO:           evidently: Not installed
2023-10-07 23:16:10,267:INFO:               fugue: Not installed
2023-10-07 23:16:10,267:INFO:           streamlit: Not installed
2023-10-07 23:16:10,267:INFO:             prophet: Not installed
2023-10-07 23:16:10,267:INFO:None
2023-10-07 23:16:10,267:INFO:Set up data.
2023-10-07 23:16:10,559:INFO:Set up folding strategy.
2023-10-07 23:16:10,559:INFO:Set up train/test split.
2023-10-07 23:16:10,833:INFO:Set up index.
2023-10-07 23:16:10,845:INFO:Assigning column types.
2023-10-07 23:16:11,030:INFO:Engine successfully changes for model 'lr' to 'sklearn'.
2023-10-07 23:16:11,104:INFO:Engine for model 'knn' has not been set explicitly, hence returning None.
2023-10-07 23:16:11,108:INFO:Engine for model 'rbfsvm' has not been set explicitly, hence returning None.
2023-10-07 23:16:11,168:INFO:Soft dependency imported: xgboost: 2.0.0
2023-10-07 23:16:11,172:WARNING:
'catboost' is a soft dependency and not included in the pycaret installation. Please run: `pip install catboost` to install.
Alternately, you can install this by running `pip install pycaret[models]`
2023-10-07 23:16:11,239:INFO:Engine for model 'knn' has not been set explicitly, hence returning None.
2023-10-07 23:16:11,240:INFO:Engine for model 'rbfsvm' has not been set explicitly, hence returning None.
2023-10-07 23:16:11,280:INFO:Soft dependency imported: xgboost: 2.0.0
2023-10-07 23:16:11,283:WARNING:
'catboost' is a soft dependency and not included in the pycaret installation. Please run: `pip install catboost` to install.
Alternately, you can install this by running `pip install pycaret[models]`
2023-10-07 23:16:11,284:INFO:Engine successfully changes for model 'knn' to 'sklearn'.
2023-10-07 23:16:11,351:INFO:Engine for model 'rbfsvm' has not been set explicitly, hence returning None.
2023-10-07 23:16:11,406:INFO:Soft dependency imported: xgboost: 2.0.0
2023-10-07 23:16:11,412:WARNING:
'catboost' is a soft dependency and not included in the pycaret installation. Please run: `pip install catboost` to install.
Alternately, you can install this by running `pip install pycaret[models]`
2023-10-07 23:16:11,537:INFO:Engine for model 'rbfsvm' has not been set explicitly, hence returning None.
2023-10-07 23:16:11,581:INFO:Soft dependency imported: xgboost: 2.0.0
2023-10-07 23:16:11,585:WARNING:
'catboost' is a soft dependency and not included in the pycaret installation. Please run: `pip install catboost` to install.
Alternately, you can install this by running `pip install pycaret[models]`
2023-10-07 23:16:11,585:INFO:Engine successfully changes for model 'rbfsvm' to 'sklearn'.
2023-10-07 23:16:11,699:INFO:Soft dependency imported: xgboost: 2.0.0
2023-10-07 23:16:11,703:WARNING:
'catboost' is a soft dependency and not included in the pycaret installation. Please run: `pip install catboost` to install.
Alternately, you can install this by running `pip install pycaret[models]`
2023-10-07 23:16:11,821:INFO:Soft dependency imported: xgboost: 2.0.0
2023-10-07 23:16:11,828:WARNING:
'catboost' is a soft dependency and not included in the pycaret installation. Please run: `pip install catboost` to install.
Alternately, you can install this by running `pip install pycaret[models]`
2023-10-07 23:16:11,834:INFO:Preparing preprocessing pipeline...
2023-10-07 23:16:11,855:INFO:Set up simple imputation.
2023-10-07 23:16:11,919:INFO:Set up encoding of ordinal features.
2023-10-07 23:16:11,953:INFO:Set up encoding of categorical features.
2023-10-07 23:16:13,574:INFO:Finished creating preprocessing pipeline.
2023-10-07 23:16:13,611:INFO:Pipeline: Pipeline(memory=FastMemory(location=C:\Users\nudan\AppData\Local\Temp\joblib),
         steps=[('numerical_imputer',
                 TransformerWrapper(exclude=None,
                                    include=['time_left', 'ct_score', 't_score',
                                             'ct_health', 't_health',
                                             'ct_armor', 't_armor', 'ct_money',
                                             't_money', 'ct_helmets',
                                             't_helmets', 'ct_defuse_kits',
                                             'ct_players_alive',
                                             't_players_alive',
                                             'ct_weapon_ak47', 't_weapon...
                                                               mapping=[{'col': 'target',
                                                                         'data_type': dtype('O'),
                                                                         'mapping': CT     0
T      1
NaN   -1
dtype: int64}],
                                                               return_df=True,
                                                               verbose=0))),
                ('onehot_encoding',
                 TransformerWrapper(exclude=None, include=['map'],
                                    transformer=OneHotEncoder(cols=['map'],
                                                              drop_invariant=False,
                                                              handle_missing='return_nan',
                                                              handle_unknown='value',
                                                              return_df=True,
                                                              use_cat_names=True,
                                                              verbose=0)))],
         verbose=False)
2023-10-07 23:16:13,612:INFO:Creating final display dataframe.
2023-10-07 23:16:15,742:INFO:Setup _display_container:                     Description             Value
0                    Session id                42
1                        Target         target_id
2                   Target type            Binary
3           Original data shape      (82014, 100)
4        Transformed data shape      (82014, 107)
5   Transformed train set shape      (57409, 107)
6    Transformed test set shape      (24605, 107)
7              Ordinal features                 1
8              Numeric features                96
9          Categorical features                 2
10                   Preprocess              True
11              Imputation type            simple
12           Numeric imputation              mean
13       Categorical imputation              mode
14     Maximum one-hot encoding                25
15              Encoding method              None
16               Fold Generator   StratifiedKFold
17                  Fold Number                10
18                     CPU Jobs                -1
19                      Use GPU             False
20               Log Experiment             False
21              Experiment Name  clf-default-name
22                          USI              b0de
2023-10-07 23:16:15,935:INFO:Soft dependency imported: xgboost: 2.0.0
2023-10-07 23:16:15,939:WARNING:
'catboost' is a soft dependency and not included in the pycaret installation. Please run: `pip install catboost` to install.
Alternately, you can install this by running `pip install pycaret[models]`
2023-10-07 23:16:16,055:INFO:Soft dependency imported: xgboost: 2.0.0
2023-10-07 23:16:16,059:WARNING:
'catboost' is a soft dependency and not included in the pycaret installation. Please run: `pip install catboost` to install.
Alternately, you can install this by running `pip install pycaret[models]`
2023-10-07 23:16:16,059:INFO:setup() successfully completed in 7.49s...............
2023-10-07 23:20:01,099:INFO:Initializing compare_models()
2023-10-07 23:20:01,100:INFO:compare_models(self=<pycaret.classification.oop.ClassificationExperiment object at 0x000002DB09028B50>, include=None, fold=5, round=4, cross_validation=True, sort=Accuracy, n_select=5, budget_time=None, turbo=True, errors=ignore, fit_kwargs=None, groups=None, experiment_custom_tags=None, probability_threshold=None, verbose=True, parallel=None, caller_params={'self': <pycaret.classification.oop.ClassificationExperiment object at 0x000002DB09028B50>, 'include': None, 'exclude': None, 'fold': 5, 'round': 4, 'cross_validation': True, 'sort': 'Accuracy', 'n_select': 5, 'budget_time': None, 'turbo': True, 'errors': 'ignore', 'fit_kwargs': None, 'groups': None, 'experiment_custom_tags': None, 'probability_threshold': None, 'engine': None, 'verbose': True, 'parallel': None, '__class__': <class 'pycaret.classification.oop.ClassificationExperiment'>}, exclude=None)
2023-10-07 23:20:01,101:INFO:Checking exceptions
2023-10-07 23:20:01,263:INFO:Preparing display monitor
2023-10-07 23:20:01,336:INFO:Initializing Logistic Regression
2023-10-07 23:20:01,336:INFO:Total runtime is 0.0 minutes
2023-10-07 23:20:01,348:INFO:SubProcess create_model() called ==================================
2023-10-07 23:20:01,349:INFO:Initializing create_model()
2023-10-07 23:20:01,349:INFO:create_model(self=<pycaret.classification.oop.ClassificationExperiment object at 0x000002DB09028B50>, estimator=lr, fold=StratifiedKFold(n_splits=5, random_state=None, shuffle=False), round=4, cross_validation=True, predict=True, fit_kwargs={}, groups=None, refit=False, probability_threshold=None, experiment_custom_tags=None, verbose=False, system=False, add_to_model_list=True, metrics=None, display=<pycaret.internal.display.display.CommonDisplay object at 0x000002DB09028A00>, model_only=True, return_train_score=False, kwargs={})
2023-10-07 23:20:01,350:INFO:Checking exceptions
2023-10-07 23:20:01,350:INFO:Importing libraries
2023-10-07 23:20:01,350:INFO:Copying training dataset
2023-10-07 23:20:01,557:INFO:Defining folds
2023-10-07 23:20:01,558:INFO:Declaring metric variables
2023-10-07 23:20:01,566:INFO:Importing untrained model
2023-10-07 23:20:01,573:INFO:Logistic Regression Imported successfully
2023-10-07 23:20:01,590:INFO:Starting cross validation
2023-10-07 23:20:01,593:INFO:Cross validating with StratifiedKFold(n_splits=5, random_state=None, shuffle=False), n_jobs=-1
2023-10-07 23:21:12,922:WARNING:C:\Users\nudan\anaconda3\lib\site-packages\sklearn\linear_model\_logistic.py:458: ConvergenceWarning: lbfgs failed to converge (status=1):
STOP: TOTAL NO. of ITERATIONS REACHED LIMIT.

Increase the number of iterations (max_iter) or scale the data as shown in:
    https://scikit-learn.org/stable/modules/preprocessing.html
Please also refer to the documentation for alternative solver options:
    https://scikit-learn.org/stable/modules/linear_model.html#logistic-regression
  n_iter_i = _check_optimize_result(

2023-10-07 23:21:12,942:WARNING:C:\Users\nudan\anaconda3\lib\site-packages\sklearn\linear_model\_logistic.py:458: ConvergenceWarning: lbfgs failed to converge (status=1):
STOP: TOTAL NO. of ITERATIONS REACHED LIMIT.

Increase the number of iterations (max_iter) or scale the data as shown in:
    https://scikit-learn.org/stable/modules/preprocessing.html
Please also refer to the documentation for alternative solver options:
    https://scikit-learn.org/stable/modules/linear_model.html#logistic-regression
  n_iter_i = _check_optimize_result(

2023-10-07 23:21:13,412:WARNING:C:\Users\nudan\anaconda3\lib\site-packages\sklearn\linear_model\_logistic.py:458: ConvergenceWarning: lbfgs failed to converge (status=1):
STOP: TOTAL NO. of ITERATIONS REACHED LIMIT.

Increase the number of iterations (max_iter) or scale the data as shown in:
    https://scikit-learn.org/stable/modules/preprocessing.html
Please also refer to the documentation for alternative solver options:
    https://scikit-learn.org/stable/modules/linear_model.html#logistic-regression
  n_iter_i = _check_optimize_result(

2023-10-07 23:21:13,716:WARNING:C:\Users\nudan\anaconda3\lib\site-packages\sklearn\linear_model\_logistic.py:458: ConvergenceWarning: lbfgs failed to converge (status=1):
STOP: TOTAL NO. of ITERATIONS REACHED LIMIT.

Increase the number of iterations (max_iter) or scale the data as shown in:
    https://scikit-learn.org/stable/modules/preprocessing.html
Please also refer to the documentation for alternative solver options:
    https://scikit-learn.org/stable/modules/linear_model.html#logistic-regression
  n_iter_i = _check_optimize_result(

2023-10-07 23:21:13,867:WARNING:C:\Users\nudan\anaconda3\lib\site-packages\sklearn\linear_model\_logistic.py:458: ConvergenceWarning: lbfgs failed to converge (status=1):
STOP: TOTAL NO. of ITERATIONS REACHED LIMIT.

Increase the number of iterations (max_iter) or scale the data as shown in:
    https://scikit-learn.org/stable/modules/preprocessing.html
Please also refer to the documentation for alternative solver options:
    https://scikit-learn.org/stable/modules/linear_model.html#logistic-regression
  n_iter_i = _check_optimize_result(

2023-10-07 23:21:14,788:INFO:Calculating mean and std
2023-10-07 23:21:14,793:INFO:Creating metrics dataframe
2023-10-07 23:21:14,817:INFO:Uploading results into container
2023-10-07 23:21:14,822:INFO:Uploading model into container now
2023-10-07 23:21:14,829:INFO:_master_model_container: 1
2023-10-07 23:21:14,830:INFO:_display_container: 2
2023-10-07 23:21:14,832:INFO:LogisticRegression(C=1.0, class_weight=None, dual=False, fit_intercept=True,
                   intercept_scaling=1, l1_ratio=None, max_iter=1000,
                   multi_class='auto', n_jobs=None, penalty='l2',
                   random_state=42, solver='lbfgs', tol=0.0001, verbose=0,
                   warm_start=False)
2023-10-07 23:21:14,833:INFO:create_model() successfully completed......................................
2023-10-07 23:21:16,190:INFO:SubProcess create_model() end ==================================
2023-10-07 23:21:16,190:INFO:Creating metrics dataframe
2023-10-07 23:21:16,208:INFO:Initializing K Neighbors Classifier
2023-10-07 23:21:16,209:INFO:Total runtime is 1.2478805343310038 minutes
2023-10-07 23:21:16,221:INFO:SubProcess create_model() called ==================================
2023-10-07 23:21:16,224:INFO:Initializing create_model()
2023-10-07 23:21:16,224:INFO:create_model(self=<pycaret.classification.oop.ClassificationExperiment object at 0x000002DB09028B50>, estimator=knn, fold=StratifiedKFold(n_splits=5, random_state=None, shuffle=False), round=4, cross_validation=True, predict=True, fit_kwargs={}, groups=None, refit=False, probability_threshold=None, experiment_custom_tags=None, verbose=False, system=False, add_to_model_list=True, metrics=None, display=<pycaret.internal.display.display.CommonDisplay object at 0x000002DB09028A00>, model_only=True, return_train_score=False, kwargs={})
2023-10-07 23:21:16,224:INFO:Checking exceptions
2023-10-07 23:21:16,224:INFO:Importing libraries
2023-10-07 23:21:16,224:INFO:Copying training dataset
2023-10-07 23:21:16,431:INFO:Defining folds
2023-10-07 23:21:16,432:INFO:Declaring metric variables
2023-10-07 23:21:16,438:INFO:Importing untrained model
2023-10-07 23:21:16,449:INFO:K Neighbors Classifier Imported successfully
2023-10-07 23:21:16,471:INFO:Starting cross validation
2023-10-07 23:21:16,476:INFO:Cross validating with StratifiedKFold(n_splits=5, random_state=None, shuffle=False), n_jobs=-1
2023-10-07 23:21:52,922:INFO:Calculating mean and std
2023-10-07 23:21:52,924:INFO:Creating metrics dataframe
2023-10-07 23:21:52,931:INFO:Uploading results into container
2023-10-07 23:21:52,933:INFO:Uploading model into container now
2023-10-07 23:21:52,933:INFO:_master_model_container: 2
2023-10-07 23:21:52,934:INFO:_display_container: 2
2023-10-07 23:21:52,934:INFO:KNeighborsClassifier(algorithm='auto', leaf_size=30, metric='minkowski',
                     metric_params=None, n_jobs=-1, n_neighbors=5, p=2,
                     weights='uniform')
2023-10-07 23:21:52,935:INFO:create_model() successfully completed......................................
2023-10-07 23:21:53,446:INFO:SubProcess create_model() end ==================================
2023-10-07 23:21:53,447:INFO:Creating metrics dataframe
2023-10-07 23:21:53,467:INFO:Initializing Naive Bayes
2023-10-07 23:21:53,467:INFO:Total runtime is 1.868838890393575 minutes
2023-10-07 23:21:53,473:INFO:SubProcess create_model() called ==================================
2023-10-07 23:21:53,473:INFO:Initializing create_model()
2023-10-07 23:21:53,473:INFO:create_model(self=<pycaret.classification.oop.ClassificationExperiment object at 0x000002DB09028B50>, estimator=nb, fold=StratifiedKFold(n_splits=5, random_state=None, shuffle=False), round=4, cross_validation=True, predict=True, fit_kwargs={}, groups=None, refit=False, probability_threshold=None, experiment_custom_tags=None, verbose=False, system=False, add_to_model_list=True, metrics=None, display=<pycaret.internal.display.display.CommonDisplay object at 0x000002DB09028A00>, model_only=True, return_train_score=False, kwargs={})
2023-10-07 23:21:53,474:INFO:Checking exceptions
2023-10-07 23:21:53,474:INFO:Importing libraries
2023-10-07 23:21:53,474:INFO:Copying training dataset
2023-10-07 23:21:53,658:INFO:Defining folds
2023-10-07 23:21:53,660:INFO:Declaring metric variables
2023-10-07 23:21:53,668:INFO:Importing untrained model
2023-10-07 23:21:53,681:INFO:Naive Bayes Imported successfully
2023-10-07 23:21:53,723:INFO:Starting cross validation
2023-10-07 23:21:53,728:INFO:Cross validating with StratifiedKFold(n_splits=5, random_state=None, shuffle=False), n_jobs=-1
2023-10-07 23:21:58,534:INFO:Calculating mean and std
2023-10-07 23:21:58,540:INFO:Creating metrics dataframe
2023-10-07 23:21:58,551:INFO:Uploading results into container
2023-10-07 23:21:58,552:INFO:Uploading model into container now
2023-10-07 23:21:58,553:INFO:_master_model_container: 3
2023-10-07 23:21:58,553:INFO:_display_container: 2
2023-10-07 23:21:58,558:INFO:GaussianNB(priors=None, var_smoothing=1e-09)
2023-10-07 23:21:58,559:INFO:create_model() successfully completed......................................
2023-10-07 23:21:59,183:INFO:SubProcess create_model() end ==================================
2023-10-07 23:21:59,183:INFO:Creating metrics dataframe
2023-10-07 23:21:59,206:INFO:Initializing Decision Tree Classifier
2023-10-07 23:21:59,206:INFO:Total runtime is 1.964503526687622 minutes
2023-10-07 23:21:59,221:INFO:SubProcess create_model() called ==================================
2023-10-07 23:21:59,226:INFO:Initializing create_model()
2023-10-07 23:21:59,228:INFO:create_model(self=<pycaret.classification.oop.ClassificationExperiment object at 0x000002DB09028B50>, estimator=dt, fold=StratifiedKFold(n_splits=5, random_state=None, shuffle=False), round=4, cross_validation=True, predict=True, fit_kwargs={}, groups=None, refit=False, probability_threshold=None, experiment_custom_tags=None, verbose=False, system=False, add_to_model_list=True, metrics=None, display=<pycaret.internal.display.display.CommonDisplay object at 0x000002DB09028A00>, model_only=True, return_train_score=False, kwargs={})
2023-10-07 23:21:59,229:INFO:Checking exceptions
2023-10-07 23:21:59,232:INFO:Importing libraries
2023-10-07 23:21:59,232:INFO:Copying training dataset
2023-10-07 23:21:59,421:INFO:Defining folds
2023-10-07 23:21:59,422:INFO:Declaring metric variables
2023-10-07 23:21:59,435:INFO:Importing untrained model
2023-10-07 23:21:59,448:INFO:Decision Tree Classifier Imported successfully
2023-10-07 23:21:59,471:INFO:Starting cross validation
2023-10-07 23:21:59,476:INFO:Cross validating with StratifiedKFold(n_splits=5, random_state=None, shuffle=False), n_jobs=-1
2023-10-07 23:22:03,261:INFO:Calculating mean and std
2023-10-07 23:22:03,263:INFO:Creating metrics dataframe
2023-10-07 23:22:03,267:INFO:Uploading results into container
2023-10-07 23:22:03,267:INFO:Uploading model into container now
2023-10-07 23:22:03,268:INFO:_master_model_container: 4
2023-10-07 23:22:03,268:INFO:_display_container: 2
2023-10-07 23:22:03,269:INFO:DecisionTreeClassifier(ccp_alpha=0.0, class_weight=None, criterion='gini',
                       max_depth=None, max_features=None, max_leaf_nodes=None,
                       min_impurity_decrease=0.0, min_samples_leaf=1,
                       min_samples_split=2, min_weight_fraction_leaf=0.0,
                       random_state=42, splitter='best')
2023-10-07 23:22:03,269:INFO:create_model() successfully completed......................................
2023-10-07 23:22:03,743:INFO:SubProcess create_model() end ==================================
2023-10-07 23:22:03,743:INFO:Creating metrics dataframe
2023-10-07 23:22:03,780:INFO:Initializing SVM - Linear Kernel
2023-10-07 23:22:03,780:INFO:Total runtime is 2.0407300074895223 minutes
2023-10-07 23:22:03,794:INFO:SubProcess create_model() called ==================================
2023-10-07 23:22:03,795:INFO:Initializing create_model()
2023-10-07 23:22:03,795:INFO:create_model(self=<pycaret.classification.oop.ClassificationExperiment object at 0x000002DB09028B50>, estimator=svm, fold=StratifiedKFold(n_splits=5, random_state=None, shuffle=False), round=4, cross_validation=True, predict=True, fit_kwargs={}, groups=None, refit=False, probability_threshold=None, experiment_custom_tags=None, verbose=False, system=False, add_to_model_list=True, metrics=None, display=<pycaret.internal.display.display.CommonDisplay object at 0x000002DB09028A00>, model_only=True, return_train_score=False, kwargs={})
2023-10-07 23:22:03,795:INFO:Checking exceptions
2023-10-07 23:22:03,796:INFO:Importing libraries
2023-10-07 23:22:03,796:INFO:Copying training dataset
2023-10-07 23:22:03,998:INFO:Defining folds
2023-10-07 23:22:03,998:INFO:Declaring metric variables
2023-10-07 23:22:04,005:INFO:Importing untrained model
2023-10-07 23:22:04,018:INFO:SVM - Linear Kernel Imported successfully
2023-10-07 23:22:04,051:INFO:Starting cross validation
2023-10-07 23:22:04,058:INFO:Cross validating with StratifiedKFold(n_splits=5, random_state=None, shuffle=False), n_jobs=-1
2023-10-07 23:22:17,772:WARNING:C:\Users\nudan\anaconda3\lib\site-packages\pycaret\internal\metrics.py:190: FitFailedWarning: Metric 'make_scorer(roc_auc_score, needs_proba=True, error_score=0.0, average=weighted, multi_class=ovr)' failed and error score 0.0 has been returned instead. If this is a custom metric, this usually means that the error is in the metric code. Full exception below:
Traceback (most recent call last):
  File "C:\Users\nudan\anaconda3\lib\site-packages\sklearn\metrics\_scorer.py", line 76, in _cached_call
    return cache[method]
KeyError: 'predict_proba'

During handling of the above exception, another exception occurred:

Traceback (most recent call last):
  File "C:\Users\nudan\anaconda3\lib\site-packages\pycaret\internal\metrics.py", line 182, in _score
    return super()._score(
  File "C:\Users\nudan\anaconda3\lib\site-packages\sklearn\metrics\_scorer.py", line 316, in _score
    y_pred = method_caller(clf, "predict_proba", X)
  File "C:\Users\nudan\anaconda3\lib\site-packages\sklearn\metrics\_scorer.py", line 78, in _cached_call
    result = getattr(estimator, method)(*args, **kwargs)
  File "C:\Users\nudan\anaconda3\lib\site-packages\sklearn\utils\_available_if.py", line 32, in __get__
    if not self.check(obj):
  File "C:\Users\nudan\anaconda3\lib\site-packages\sklearn\linear_model\_stochastic_gradient.py", line 1236, in _check_proba
    raise AttributeError(
AttributeError: probability estimates are not available for loss='hinge'

  warnings.warn(

2023-10-07 23:22:17,937:WARNING:C:\Users\nudan\anaconda3\lib\site-packages\pycaret\internal\metrics.py:190: FitFailedWarning: Metric 'make_scorer(roc_auc_score, needs_proba=True, error_score=0.0, average=weighted, multi_class=ovr)' failed and error score 0.0 has been returned instead. If this is a custom metric, this usually means that the error is in the metric code. Full exception below:
Traceback (most recent call last):
  File "C:\Users\nudan\anaconda3\lib\site-packages\sklearn\metrics\_scorer.py", line 76, in _cached_call
    return cache[method]
KeyError: 'predict_proba'

During handling of the above exception, another exception occurred:

Traceback (most recent call last):
  File "C:\Users\nudan\anaconda3\lib\site-packages\pycaret\internal\metrics.py", line 182, in _score
    return super()._score(
  File "C:\Users\nudan\anaconda3\lib\site-packages\sklearn\metrics\_scorer.py", line 316, in _score
    y_pred = method_caller(clf, "predict_proba", X)
  File "C:\Users\nudan\anaconda3\lib\site-packages\sklearn\metrics\_scorer.py", line 78, in _cached_call
    result = getattr(estimator, method)(*args, **kwargs)
  File "C:\Users\nudan\anaconda3\lib\site-packages\sklearn\utils\_available_if.py", line 32, in __get__
    if not self.check(obj):
  File "C:\Users\nudan\anaconda3\lib\site-packages\sklearn\linear_model\_stochastic_gradient.py", line 1236, in _check_proba
    raise AttributeError(
AttributeError: probability estimates are not available for loss='hinge'

  warnings.warn(

2023-10-07 23:22:19,115:WARNING:C:\Users\nudan\anaconda3\lib\site-packages\pycaret\internal\metrics.py:190: FitFailedWarning: Metric 'make_scorer(roc_auc_score, needs_proba=True, error_score=0.0, average=weighted, multi_class=ovr)' failed and error score 0.0 has been returned instead. If this is a custom metric, this usually means that the error is in the metric code. Full exception below:
Traceback (most recent call last):
  File "C:\Users\nudan\anaconda3\lib\site-packages\sklearn\metrics\_scorer.py", line 76, in _cached_call
    return cache[method]
KeyError: 'predict_proba'

During handling of the above exception, another exception occurred:

Traceback (most recent call last):
  File "C:\Users\nudan\anaconda3\lib\site-packages\pycaret\internal\metrics.py", line 182, in _score
    return super()._score(
  File "C:\Users\nudan\anaconda3\lib\site-packages\sklearn\metrics\_scorer.py", line 316, in _score
    y_pred = method_caller(clf, "predict_proba", X)
  File "C:\Users\nudan\anaconda3\lib\site-packages\sklearn\metrics\_scorer.py", line 78, in _cached_call
    result = getattr(estimator, method)(*args, **kwargs)
  File "C:\Users\nudan\anaconda3\lib\site-packages\sklearn\utils\_available_if.py", line 32, in __get__
    if not self.check(obj):
  File "C:\Users\nudan\anaconda3\lib\site-packages\sklearn\linear_model\_stochastic_gradient.py", line 1236, in _check_proba
    raise AttributeError(
AttributeError: probability estimates are not available for loss='hinge'

  warnings.warn(

2023-10-07 23:22:19,714:WARNING:C:\Users\nudan\anaconda3\lib\site-packages\pycaret\internal\metrics.py:190: FitFailedWarning: Metric 'make_scorer(roc_auc_score, needs_proba=True, error_score=0.0, average=weighted, multi_class=ovr)' failed and error score 0.0 has been returned instead. If this is a custom metric, this usually means that the error is in the metric code. Full exception below:
Traceback (most recent call last):
  File "C:\Users\nudan\anaconda3\lib\site-packages\sklearn\metrics\_scorer.py", line 76, in _cached_call
    return cache[method]
KeyError: 'predict_proba'

During handling of the above exception, another exception occurred:

Traceback (most recent call last):
  File "C:\Users\nudan\anaconda3\lib\site-packages\pycaret\internal\metrics.py", line 182, in _score
    return super()._score(
  File "C:\Users\nudan\anaconda3\lib\site-packages\sklearn\metrics\_scorer.py", line 316, in _score
    y_pred = method_caller(clf, "predict_proba", X)
  File "C:\Users\nudan\anaconda3\lib\site-packages\sklearn\metrics\_scorer.py", line 78, in _cached_call
    result = getattr(estimator, method)(*args, **kwargs)
  File "C:\Users\nudan\anaconda3\lib\site-packages\sklearn\utils\_available_if.py", line 32, in __get__
    if not self.check(obj):
  File "C:\Users\nudan\anaconda3\lib\site-packages\sklearn\linear_model\_stochastic_gradient.py", line 1236, in _check_proba
    raise AttributeError(
AttributeError: probability estimates are not available for loss='hinge'

  warnings.warn(

2023-10-07 23:22:19,748:WARNING:C:\Users\nudan\anaconda3\lib\site-packages\pycaret\internal\metrics.py:190: FitFailedWarning: Metric 'make_scorer(roc_auc_score, needs_proba=True, error_score=0.0, average=weighted, multi_class=ovr)' failed and error score 0.0 has been returned instead. If this is a custom metric, this usually means that the error is in the metric code. Full exception below:
Traceback (most recent call last):
  File "C:\Users\nudan\anaconda3\lib\site-packages\sklearn\metrics\_scorer.py", line 76, in _cached_call
    return cache[method]
KeyError: 'predict_proba'

During handling of the above exception, another exception occurred:

Traceback (most recent call last):
  File "C:\Users\nudan\anaconda3\lib\site-packages\pycaret\internal\metrics.py", line 182, in _score
    return super()._score(
  File "C:\Users\nudan\anaconda3\lib\site-packages\sklearn\metrics\_scorer.py", line 316, in _score
    y_pred = method_caller(clf, "predict_proba", X)
  File "C:\Users\nudan\anaconda3\lib\site-packages\sklearn\metrics\_scorer.py", line 78, in _cached_call
    result = getattr(estimator, method)(*args, **kwargs)
  File "C:\Users\nudan\anaconda3\lib\site-packages\sklearn\utils\_available_if.py", line 32, in __get__
    if not self.check(obj):
  File "C:\Users\nudan\anaconda3\lib\site-packages\sklearn\linear_model\_stochastic_gradient.py", line 1236, in _check_proba
    raise AttributeError(
AttributeError: probability estimates are not available for loss='hinge'

  warnings.warn(

2023-10-07 23:22:20,015:INFO:Calculating mean and std
2023-10-07 23:22:20,017:INFO:Creating metrics dataframe
2023-10-07 23:22:20,031:INFO:Uploading results into container
2023-10-07 23:22:20,033:INFO:Uploading model into container now
2023-10-07 23:22:20,034:INFO:_master_model_container: 5
2023-10-07 23:22:20,034:INFO:_display_container: 2
2023-10-07 23:22:20,035:INFO:SGDClassifier(alpha=0.0001, average=False, class_weight=None,
              early_stopping=False, epsilon=0.1, eta0=0.001, fit_intercept=True,
              l1_ratio=0.15, learning_rate='optimal', loss='hinge',
              max_iter=1000, n_iter_no_change=5, n_jobs=-1, penalty='l2',
              power_t=0.5, random_state=42, shuffle=True, tol=0.001,
              validation_fraction=0.1, verbose=0, warm_start=False)
2023-10-07 23:22:20,035:INFO:create_model() successfully completed......................................
2023-10-07 23:22:20,576:INFO:SubProcess create_model() end ==================================
2023-10-07 23:22:20,576:INFO:Creating metrics dataframe
2023-10-07 23:22:20,598:INFO:Initializing Ridge Classifier
2023-10-07 23:22:20,598:INFO:Total runtime is 2.321034240722656 minutes
2023-10-07 23:22:20,606:INFO:SubProcess create_model() called ==================================
2023-10-07 23:22:20,608:INFO:Initializing create_model()
2023-10-07 23:22:20,608:INFO:create_model(self=<pycaret.classification.oop.ClassificationExperiment object at 0x000002DB09028B50>, estimator=ridge, fold=StratifiedKFold(n_splits=5, random_state=None, shuffle=False), round=4, cross_validation=True, predict=True, fit_kwargs={}, groups=None, refit=False, probability_threshold=None, experiment_custom_tags=None, verbose=False, system=False, add_to_model_list=True, metrics=None, display=<pycaret.internal.display.display.CommonDisplay object at 0x000002DB09028A00>, model_only=True, return_train_score=False, kwargs={})
2023-10-07 23:22:20,608:INFO:Checking exceptions
2023-10-07 23:22:20,608:INFO:Importing libraries
2023-10-07 23:22:20,608:INFO:Copying training dataset
2023-10-07 23:22:20,804:INFO:Defining folds
2023-10-07 23:22:20,805:INFO:Declaring metric variables
2023-10-07 23:22:20,816:INFO:Importing untrained model
2023-10-07 23:22:20,841:INFO:Ridge Classifier Imported successfully
2023-10-07 23:22:20,872:INFO:Starting cross validation
2023-10-07 23:22:20,880:INFO:Cross validating with StratifiedKFold(n_splits=5, random_state=None, shuffle=False), n_jobs=-1
2023-10-07 23:22:24,349:WARNING:C:\Users\nudan\anaconda3\lib\site-packages\pycaret\internal\metrics.py:190: FitFailedWarning: Metric 'make_scorer(roc_auc_score, needs_proba=True, error_score=0.0, average=weighted, multi_class=ovr)' failed and error score 0.0 has been returned instead. If this is a custom metric, this usually means that the error is in the metric code. Full exception below:
Traceback (most recent call last):
  File "C:\Users\nudan\anaconda3\lib\site-packages\sklearn\metrics\_scorer.py", line 76, in _cached_call
    return cache[method]
KeyError: 'predict_proba'

During handling of the above exception, another exception occurred:

Traceback (most recent call last):
  File "C:\Users\nudan\anaconda3\lib\site-packages\pycaret\internal\metrics.py", line 182, in _score
    return super()._score(
  File "C:\Users\nudan\anaconda3\lib\site-packages\sklearn\metrics\_scorer.py", line 316, in _score
    y_pred = method_caller(clf, "predict_proba", X)
  File "C:\Users\nudan\anaconda3\lib\site-packages\sklearn\metrics\_scorer.py", line 78, in _cached_call
    result = getattr(estimator, method)(*args, **kwargs)
AttributeError: 'RidgeClassifier' object has no attribute 'predict_proba'

  warnings.warn(

2023-10-07 23:22:24,401:WARNING:C:\Users\nudan\anaconda3\lib\site-packages\pycaret\internal\metrics.py:190: FitFailedWarning: Metric 'make_scorer(roc_auc_score, needs_proba=True, error_score=0.0, average=weighted, multi_class=ovr)' failed and error score 0.0 has been returned instead. If this is a custom metric, this usually means that the error is in the metric code. Full exception below:
Traceback (most recent call last):
  File "C:\Users\nudan\anaconda3\lib\site-packages\sklearn\metrics\_scorer.py", line 76, in _cached_call
    return cache[method]
KeyError: 'predict_proba'

During handling of the above exception, another exception occurred:

Traceback (most recent call last):
  File "C:\Users\nudan\anaconda3\lib\site-packages\pycaret\internal\metrics.py", line 182, in _score
    return super()._score(
  File "C:\Users\nudan\anaconda3\lib\site-packages\sklearn\metrics\_scorer.py", line 316, in _score
    y_pred = method_caller(clf, "predict_proba", X)
  File "C:\Users\nudan\anaconda3\lib\site-packages\sklearn\metrics\_scorer.py", line 78, in _cached_call
    result = getattr(estimator, method)(*args, **kwargs)
AttributeError: 'RidgeClassifier' object has no attribute 'predict_proba'

  warnings.warn(

2023-10-07 23:22:24,403:WARNING:C:\Users\nudan\anaconda3\lib\site-packages\pycaret\internal\metrics.py:190: FitFailedWarning: Metric 'make_scorer(roc_auc_score, needs_proba=True, error_score=0.0, average=weighted, multi_class=ovr)' failed and error score 0.0 has been returned instead. If this is a custom metric, this usually means that the error is in the metric code. Full exception below:
Traceback (most recent call last):
  File "C:\Users\nudan\anaconda3\lib\site-packages\sklearn\metrics\_scorer.py", line 76, in _cached_call
    return cache[method]
KeyError: 'predict_proba'

During handling of the above exception, another exception occurred:

Traceback (most recent call last):
  File "C:\Users\nudan\anaconda3\lib\site-packages\pycaret\internal\metrics.py", line 182, in _score
    return super()._score(
  File "C:\Users\nudan\anaconda3\lib\site-packages\sklearn\metrics\_scorer.py", line 316, in _score
    y_pred = method_caller(clf, "predict_proba", X)
  File "C:\Users\nudan\anaconda3\lib\site-packages\sklearn\metrics\_scorer.py", line 78, in _cached_call
    result = getattr(estimator, method)(*args, **kwargs)
AttributeError: 'RidgeClassifier' object has no attribute 'predict_proba'

  warnings.warn(

2023-10-07 23:22:24,403:WARNING:C:\Users\nudan\anaconda3\lib\site-packages\pycaret\internal\metrics.py:190: FitFailedWarning: Metric 'make_scorer(roc_auc_score, needs_proba=True, error_score=0.0, average=weighted, multi_class=ovr)' failed and error score 0.0 has been returned instead. If this is a custom metric, this usually means that the error is in the metric code. Full exception below:
Traceback (most recent call last):
  File "C:\Users\nudan\anaconda3\lib\site-packages\sklearn\metrics\_scorer.py", line 76, in _cached_call
    return cache[method]
KeyError: 'predict_proba'

During handling of the above exception, another exception occurred:

Traceback (most recent call last):
  File "C:\Users\nudan\anaconda3\lib\site-packages\pycaret\internal\metrics.py", line 182, in _score
    return super()._score(
  File "C:\Users\nudan\anaconda3\lib\site-packages\sklearn\metrics\_scorer.py", line 316, in _score
    y_pred = method_caller(clf, "predict_proba", X)
  File "C:\Users\nudan\anaconda3\lib\site-packages\sklearn\metrics\_scorer.py", line 78, in _cached_call
    result = getattr(estimator, method)(*args, **kwargs)
AttributeError: 'RidgeClassifier' object has no attribute 'predict_proba'

  warnings.warn(

2023-10-07 23:22:24,405:WARNING:C:\Users\nudan\anaconda3\lib\site-packages\pycaret\internal\metrics.py:190: FitFailedWarning: Metric 'make_scorer(roc_auc_score, needs_proba=True, error_score=0.0, average=weighted, multi_class=ovr)' failed and error score 0.0 has been returned instead. If this is a custom metric, this usually means that the error is in the metric code. Full exception below:
Traceback (most recent call last):
  File "C:\Users\nudan\anaconda3\lib\site-packages\sklearn\metrics\_scorer.py", line 76, in _cached_call
    return cache[method]
KeyError: 'predict_proba'

During handling of the above exception, another exception occurred:

Traceback (most recent call last):
  File "C:\Users\nudan\anaconda3\lib\site-packages\pycaret\internal\metrics.py", line 182, in _score
    return super()._score(
  File "C:\Users\nudan\anaconda3\lib\site-packages\sklearn\metrics\_scorer.py", line 316, in _score
    y_pred = method_caller(clf, "predict_proba", X)
  File "C:\Users\nudan\anaconda3\lib\site-packages\sklearn\metrics\_scorer.py", line 78, in _cached_call
    result = getattr(estimator, method)(*args, **kwargs)
AttributeError: 'RidgeClassifier' object has no attribute 'predict_proba'

  warnings.warn(

2023-10-07 23:22:24,695:INFO:Calculating mean and std
2023-10-07 23:22:24,696:INFO:Creating metrics dataframe
2023-10-07 23:22:24,702:INFO:Uploading results into container
2023-10-07 23:22:24,703:INFO:Uploading model into container now
2023-10-07 23:22:24,703:INFO:_master_model_container: 6
2023-10-07 23:22:24,703:INFO:_display_container: 2
2023-10-07 23:22:24,704:INFO:RidgeClassifier(alpha=1.0, class_weight=None, copy_X=True, fit_intercept=True,
                max_iter=None, positive=False, random_state=42, solver='auto',
                tol=0.0001)
2023-10-07 23:22:24,704:INFO:create_model() successfully completed......................................
2023-10-07 23:22:25,172:INFO:SubProcess create_model() end ==================================
2023-10-07 23:22:25,172:INFO:Creating metrics dataframe
2023-10-07 23:22:25,200:INFO:Initializing Random Forest Classifier
2023-10-07 23:22:25,200:INFO:Total runtime is 2.397730739911397 minutes
2023-10-07 23:22:25,207:INFO:SubProcess create_model() called ==================================
2023-10-07 23:22:25,208:INFO:Initializing create_model()
2023-10-07 23:22:25,209:INFO:create_model(self=<pycaret.classification.oop.ClassificationExperiment object at 0x000002DB09028B50>, estimator=rf, fold=StratifiedKFold(n_splits=5, random_state=None, shuffle=False), round=4, cross_validation=True, predict=True, fit_kwargs={}, groups=None, refit=False, probability_threshold=None, experiment_custom_tags=None, verbose=False, system=False, add_to_model_list=True, metrics=None, display=<pycaret.internal.display.display.CommonDisplay object at 0x000002DB09028A00>, model_only=True, return_train_score=False, kwargs={})
2023-10-07 23:22:25,210:INFO:Checking exceptions
2023-10-07 23:22:25,211:INFO:Importing libraries
2023-10-07 23:22:25,211:INFO:Copying training dataset
2023-10-07 23:22:25,404:INFO:Defining folds
2023-10-07 23:22:25,405:INFO:Declaring metric variables
2023-10-07 23:22:25,410:INFO:Importing untrained model
2023-10-07 23:22:25,418:INFO:Random Forest Classifier Imported successfully
2023-10-07 23:22:25,442:INFO:Starting cross validation
2023-10-07 23:22:25,449:INFO:Cross validating with StratifiedKFold(n_splits=5, random_state=None, shuffle=False), n_jobs=-1
2023-10-07 23:22:44,165:INFO:Calculating mean and std
2023-10-07 23:22:44,173:INFO:Creating metrics dataframe
2023-10-07 23:22:44,196:INFO:Uploading results into container
2023-10-07 23:22:44,200:INFO:Uploading model into container now
2023-10-07 23:22:44,203:INFO:_master_model_container: 7
2023-10-07 23:22:44,204:INFO:_display_container: 2
2023-10-07 23:22:44,206:INFO:RandomForestClassifier(bootstrap=True, ccp_alpha=0.0, class_weight=None,
                       criterion='gini', max_depth=None, max_features='sqrt',
                       max_leaf_nodes=None, max_samples=None,
                       min_impurity_decrease=0.0, min_samples_leaf=1,
                       min_samples_split=2, min_weight_fraction_leaf=0.0,
                       n_estimators=100, n_jobs=-1, oob_score=False,
                       random_state=42, verbose=0, warm_start=False)
2023-10-07 23:22:44,207:INFO:create_model() successfully completed......................................
2023-10-07 23:22:45,817:INFO:SubProcess create_model() end ==================================
2023-10-07 23:22:45,817:INFO:Creating metrics dataframe
2023-10-07 23:22:45,883:INFO:Initializing Quadratic Discriminant Analysis
2023-10-07 23:22:45,883:INFO:Total runtime is 2.742441697915395 minutes
2023-10-07 23:22:45,902:INFO:SubProcess create_model() called ==================================
2023-10-07 23:22:45,904:INFO:Initializing create_model()
2023-10-07 23:22:45,905:INFO:create_model(self=<pycaret.classification.oop.ClassificationExperiment object at 0x000002DB09028B50>, estimator=qda, fold=StratifiedKFold(n_splits=5, random_state=None, shuffle=False), round=4, cross_validation=True, predict=True, fit_kwargs={}, groups=None, refit=False, probability_threshold=None, experiment_custom_tags=None, verbose=False, system=False, add_to_model_list=True, metrics=None, display=<pycaret.internal.display.display.CommonDisplay object at 0x000002DB09028A00>, model_only=True, return_train_score=False, kwargs={})
2023-10-07 23:22:45,907:INFO:Checking exceptions
2023-10-07 23:22:45,907:INFO:Importing libraries
2023-10-07 23:22:45,910:INFO:Copying training dataset
2023-10-07 23:22:46,356:INFO:Defining folds
2023-10-07 23:22:46,357:INFO:Declaring metric variables
2023-10-07 23:22:46,389:INFO:Importing untrained model
2023-10-07 23:22:46,412:INFO:Quadratic Discriminant Analysis Imported successfully
2023-10-07 23:22:46,467:INFO:Starting cross validation
2023-10-07 23:22:46,474:INFO:Cross validating with StratifiedKFold(n_splits=5, random_state=None, shuffle=False), n_jobs=-1
2023-10-07 23:22:52,210:WARNING:C:\Users\nudan\anaconda3\lib\site-packages\sklearn\discriminant_analysis.py:926: UserWarning: Variables are collinear
  warnings.warn("Variables are collinear")

2023-10-07 23:22:52,433:WARNING:C:\Users\nudan\anaconda3\lib\site-packages\sklearn\discriminant_analysis.py:926: UserWarning: Variables are collinear
  warnings.warn("Variables are collinear")

2023-10-07 23:22:52,893:WARNING:C:\Users\nudan\anaconda3\lib\site-packages\sklearn\discriminant_analysis.py:926: UserWarning: Variables are collinear
  warnings.warn("Variables are collinear")

2023-10-07 23:22:54,603:WARNING:C:\Users\nudan\anaconda3\lib\site-packages\sklearn\discriminant_analysis.py:926: UserWarning: Variables are collinear
  warnings.warn("Variables are collinear")

2023-10-07 23:22:55,083:WARNING:C:\Users\nudan\anaconda3\lib\site-packages\sklearn\discriminant_analysis.py:926: UserWarning: Variables are collinear
  warnings.warn("Variables are collinear")

2023-10-07 23:22:58,284:INFO:Calculating mean and std
2023-10-07 23:22:58,300:INFO:Creating metrics dataframe
2023-10-07 23:22:58,328:INFO:Uploading results into container
2023-10-07 23:22:58,330:INFO:Uploading model into container now
2023-10-07 23:22:58,332:INFO:_master_model_container: 8
2023-10-07 23:22:58,333:INFO:_display_container: 2
2023-10-07 23:22:58,335:INFO:QuadraticDiscriminantAnalysis(priors=None, reg_param=0.0,
                              store_covariance=False, tol=0.0001)
2023-10-07 23:22:58,336:INFO:create_model() successfully completed......................................
2023-10-07 23:22:59,611:INFO:SubProcess create_model() end ==================================
2023-10-07 23:22:59,612:INFO:Creating metrics dataframe
2023-10-07 23:22:59,677:INFO:Initializing Ada Boost Classifier
2023-10-07 23:22:59,677:INFO:Total runtime is 2.972350529829661 minutes
2023-10-07 23:22:59,692:INFO:SubProcess create_model() called ==================================
2023-10-07 23:22:59,695:INFO:Initializing create_model()
2023-10-07 23:22:59,697:INFO:create_model(self=<pycaret.classification.oop.ClassificationExperiment object at 0x000002DB09028B50>, estimator=ada, fold=StratifiedKFold(n_splits=5, random_state=None, shuffle=False), round=4, cross_validation=True, predict=True, fit_kwargs={}, groups=None, refit=False, probability_threshold=None, experiment_custom_tags=None, verbose=False, system=False, add_to_model_list=True, metrics=None, display=<pycaret.internal.display.display.CommonDisplay object at 0x000002DB09028A00>, model_only=True, return_train_score=False, kwargs={})
2023-10-07 23:22:59,697:INFO:Checking exceptions
2023-10-07 23:22:59,700:INFO:Importing libraries
2023-10-07 23:22:59,701:INFO:Copying training dataset
2023-10-07 23:23:00,206:INFO:Defining folds
2023-10-07 23:23:00,206:INFO:Declaring metric variables
2023-10-07 23:23:00,231:INFO:Importing untrained model
2023-10-07 23:23:00,261:INFO:Ada Boost Classifier Imported successfully
2023-10-07 23:23:00,286:INFO:Starting cross validation
2023-10-07 23:23:00,299:INFO:Cross validating with StratifiedKFold(n_splits=5, random_state=None, shuffle=False), n_jobs=-1
2023-10-07 23:23:07,124:INFO:Calculating mean and std
2023-10-07 23:23:07,133:INFO:Creating metrics dataframe
2023-10-07 23:23:07,168:INFO:Uploading results into container
2023-10-07 23:23:07,182:INFO:Uploading model into container now
2023-10-07 23:23:07,185:INFO:_master_model_container: 9
2023-10-07 23:23:07,185:INFO:_display_container: 2
2023-10-07 23:23:07,186:INFO:AdaBoostClassifier(algorithm='SAMME.R', base_estimator='deprecated',
                   estimator=None, learning_rate=1.0, n_estimators=50,
                   random_state=42)
2023-10-07 23:23:07,186:INFO:create_model() successfully completed......................................
2023-10-07 23:23:08,534:INFO:SubProcess create_model() end ==================================
2023-10-07 23:23:08,535:INFO:Creating metrics dataframe
2023-10-07 23:23:08,596:INFO:Initializing Gradient Boosting Classifier
2023-10-07 23:23:08,596:INFO:Total runtime is 3.120999018351237 minutes
2023-10-07 23:23:08,604:INFO:SubProcess create_model() called ==================================
2023-10-07 23:23:08,604:INFO:Initializing create_model()
2023-10-07 23:23:08,606:INFO:create_model(self=<pycaret.classification.oop.ClassificationExperiment object at 0x000002DB09028B50>, estimator=gbc, fold=StratifiedKFold(n_splits=5, random_state=None, shuffle=False), round=4, cross_validation=True, predict=True, fit_kwargs={}, groups=None, refit=False, probability_threshold=None, experiment_custom_tags=None, verbose=False, system=False, add_to_model_list=True, metrics=None, display=<pycaret.internal.display.display.CommonDisplay object at 0x000002DB09028A00>, model_only=True, return_train_score=False, kwargs={})
2023-10-07 23:23:08,606:INFO:Checking exceptions
2023-10-07 23:23:08,606:INFO:Importing libraries
2023-10-07 23:23:08,606:INFO:Copying training dataset
2023-10-07 23:23:09,009:INFO:Defining folds
2023-10-07 23:23:09,009:INFO:Declaring metric variables
2023-10-07 23:23:09,037:INFO:Importing untrained model
2023-10-07 23:23:09,062:INFO:Gradient Boosting Classifier Imported successfully
2023-10-07 23:23:09,097:INFO:Starting cross validation
2023-10-07 23:23:09,108:INFO:Cross validating with StratifiedKFold(n_splits=5, random_state=None, shuffle=False), n_jobs=-1
2023-10-07 23:24:00,449:INFO:Calculating mean and std
2023-10-07 23:24:00,451:INFO:Creating metrics dataframe
2023-10-07 23:24:00,459:INFO:Uploading results into container
2023-10-07 23:24:00,460:INFO:Uploading model into container now
2023-10-07 23:24:00,460:INFO:_master_model_container: 10
2023-10-07 23:24:00,461:INFO:_display_container: 2
2023-10-07 23:24:00,461:INFO:GradientBoostingClassifier(ccp_alpha=0.0, criterion='friedman_mse', init=None,
                           learning_rate=0.1, loss='log_loss', max_depth=3,
                           max_features=None, max_leaf_nodes=None,
                           min_impurity_decrease=0.0, min_samples_leaf=1,
                           min_samples_split=2, min_weight_fraction_leaf=0.0,
                           n_estimators=100, n_iter_no_change=None,
                           random_state=42, subsample=1.0, tol=0.0001,
                           validation_fraction=0.1, verbose=0,
                           warm_start=False)
2023-10-07 23:24:00,461:INFO:create_model() successfully completed......................................
2023-10-07 23:24:01,262:INFO:SubProcess create_model() end ==================================
2023-10-07 23:24:01,262:INFO:Creating metrics dataframe
2023-10-07 23:24:01,288:INFO:Initializing Linear Discriminant Analysis
2023-10-07 23:24:01,288:INFO:Total runtime is 3.99919988711675 minutes
2023-10-07 23:24:01,305:INFO:SubProcess create_model() called ==================================
2023-10-07 23:24:01,306:INFO:Initializing create_model()
2023-10-07 23:24:01,306:INFO:create_model(self=<pycaret.classification.oop.ClassificationExperiment object at 0x000002DB09028B50>, estimator=lda, fold=StratifiedKFold(n_splits=5, random_state=None, shuffle=False), round=4, cross_validation=True, predict=True, fit_kwargs={}, groups=None, refit=False, probability_threshold=None, experiment_custom_tags=None, verbose=False, system=False, add_to_model_list=True, metrics=None, display=<pycaret.internal.display.display.CommonDisplay object at 0x000002DB09028A00>, model_only=True, return_train_score=False, kwargs={})
2023-10-07 23:24:01,307:INFO:Checking exceptions
2023-10-07 23:24:01,307:INFO:Importing libraries
2023-10-07 23:24:01,307:INFO:Copying training dataset
2023-10-07 23:24:01,610:INFO:Defining folds
2023-10-07 23:24:01,611:INFO:Declaring metric variables
2023-10-07 23:24:01,622:INFO:Importing untrained model
2023-10-07 23:24:01,643:INFO:Linear Discriminant Analysis Imported successfully
2023-10-07 23:24:01,672:INFO:Starting cross validation
2023-10-07 23:24:01,683:INFO:Cross validating with StratifiedKFold(n_splits=5, random_state=None, shuffle=False), n_jobs=-1
2023-10-07 23:24:13,489:INFO:Calculating mean and std
2023-10-07 23:24:13,497:INFO:Creating metrics dataframe
2023-10-07 23:24:13,519:INFO:Uploading results into container
2023-10-07 23:24:13,522:INFO:Uploading model into container now
2023-10-07 23:24:13,523:INFO:_master_model_container: 11
2023-10-07 23:24:13,523:INFO:_display_container: 2
2023-10-07 23:24:13,526:INFO:LinearDiscriminantAnalysis(covariance_estimator=None, n_components=None,
                           priors=None, shrinkage=None, solver='svd',
                           store_covariance=False, tol=0.0001)
2023-10-07 23:24:13,527:INFO:create_model() successfully completed......................................
2023-10-07 23:24:14,571:INFO:SubProcess create_model() end ==================================
2023-10-07 23:24:14,572:INFO:Creating metrics dataframe
2023-10-07 23:24:14,612:INFO:Initializing Extra Trees Classifier
2023-10-07 23:24:14,612:INFO:Total runtime is 4.221267688274383 minutes
2023-10-07 23:24:14,619:INFO:SubProcess create_model() called ==================================
2023-10-07 23:24:14,620:INFO:Initializing create_model()
2023-10-07 23:24:14,620:INFO:create_model(self=<pycaret.classification.oop.ClassificationExperiment object at 0x000002DB09028B50>, estimator=et, fold=StratifiedKFold(n_splits=5, random_state=None, shuffle=False), round=4, cross_validation=True, predict=True, fit_kwargs={}, groups=None, refit=False, probability_threshold=None, experiment_custom_tags=None, verbose=False, system=False, add_to_model_list=True, metrics=None, display=<pycaret.internal.display.display.CommonDisplay object at 0x000002DB09028A00>, model_only=True, return_train_score=False, kwargs={})
2023-10-07 23:24:14,620:INFO:Checking exceptions
2023-10-07 23:24:14,621:INFO:Importing libraries
2023-10-07 23:24:14,621:INFO:Copying training dataset
2023-10-07 23:24:14,897:INFO:Defining folds
2023-10-07 23:24:14,898:INFO:Declaring metric variables
2023-10-07 23:24:14,912:INFO:Importing untrained model
2023-10-07 23:24:14,928:INFO:Extra Trees Classifier Imported successfully
2023-10-07 23:24:14,966:INFO:Starting cross validation
2023-10-07 23:24:14,972:INFO:Cross validating with StratifiedKFold(n_splits=5, random_state=None, shuffle=False), n_jobs=-1
2023-10-07 23:24:39,167:INFO:Calculating mean and std
2023-10-07 23:24:39,175:INFO:Creating metrics dataframe
2023-10-07 23:24:39,200:INFO:Uploading results into container
2023-10-07 23:24:39,219:INFO:Uploading model into container now
2023-10-07 23:24:39,232:INFO:_master_model_container: 12
2023-10-07 23:24:39,233:INFO:_display_container: 2
2023-10-07 23:24:39,243:INFO:ExtraTreesClassifier(bootstrap=False, ccp_alpha=0.0, class_weight=None,
                     criterion='gini', max_depth=None, max_features='sqrt',
                     max_leaf_nodes=None, max_samples=None,
                     min_impurity_decrease=0.0, min_samples_leaf=1,
                     min_samples_split=2, min_weight_fraction_leaf=0.0,
                     n_estimators=100, n_jobs=-1, oob_score=False,
                     random_state=42, verbose=0, warm_start=False)
2023-10-07 23:24:39,243:INFO:create_model() successfully completed......................................
2023-10-07 23:24:41,115:INFO:SubProcess create_model() end ==================================
2023-10-07 23:24:41,115:INFO:Creating metrics dataframe
2023-10-07 23:24:41,175:INFO:Initializing Extreme Gradient Boosting
2023-10-07 23:24:41,178:INFO:Total runtime is 4.664037716388703 minutes
2023-10-07 23:24:41,196:INFO:SubProcess create_model() called ==================================
2023-10-07 23:24:41,198:INFO:Initializing create_model()
2023-10-07 23:24:41,198:INFO:create_model(self=<pycaret.classification.oop.ClassificationExperiment object at 0x000002DB09028B50>, estimator=xgboost, fold=StratifiedKFold(n_splits=5, random_state=None, shuffle=False), round=4, cross_validation=True, predict=True, fit_kwargs={}, groups=None, refit=False, probability_threshold=None, experiment_custom_tags=None, verbose=False, system=False, add_to_model_list=True, metrics=None, display=<pycaret.internal.display.display.CommonDisplay object at 0x000002DB09028A00>, model_only=True, return_train_score=False, kwargs={})
2023-10-07 23:24:41,198:INFO:Checking exceptions
2023-10-07 23:24:41,198:INFO:Importing libraries
2023-10-07 23:24:41,199:INFO:Copying training dataset
2023-10-07 23:24:41,899:INFO:Defining folds
2023-10-07 23:24:41,900:INFO:Declaring metric variables
2023-10-07 23:24:41,922:INFO:Importing untrained model
2023-10-07 23:24:41,963:INFO:Extreme Gradient Boosting Imported successfully
2023-10-07 23:24:42,010:INFO:Starting cross validation
2023-10-07 23:24:42,017:INFO:Cross validating with StratifiedKFold(n_splits=5, random_state=None, shuffle=False), n_jobs=-1
2023-10-07 23:24:54,334:INFO:Calculating mean and std
2023-10-07 23:24:54,337:INFO:Creating metrics dataframe
2023-10-07 23:24:54,359:INFO:Uploading results into container
2023-10-07 23:24:54,363:INFO:Uploading model into container now
2023-10-07 23:24:54,365:INFO:_master_model_container: 13
2023-10-07 23:24:54,365:INFO:_display_container: 2
2023-10-07 23:24:54,371:INFO:XGBClassifier(base_score=None, booster='gbtree', callbacks=None,
              colsample_bylevel=None, colsample_bynode=None,
              colsample_bytree=None, device=None, early_stopping_rounds=None,
              enable_categorical=False, eval_metric=None, feature_types=None,
              gamma=None, grow_policy=None, importance_type=None,
              interaction_constraints=None, learning_rate=None, max_bin=None,
              max_cat_threshold=None, max_cat_to_onehot=None,
              max_delta_step=None, max_depth=None, max_leaves=None,
              min_child_weight=None, missing=nan, monotone_constraints=None,
              multi_strategy=None, n_estimators=None, n_jobs=-1,
              num_parallel_tree=None, objective='binary:logistic', ...)
2023-10-07 23:24:54,372:INFO:create_model() successfully completed......................................
2023-10-07 23:24:55,895:INFO:SubProcess create_model() end ==================================
2023-10-07 23:24:55,897:INFO:Creating metrics dataframe
2023-10-07 23:24:55,962:INFO:Initializing Light Gradient Boosting Machine
2023-10-07 23:24:55,962:INFO:Total runtime is 4.910434031486512 minutes
2023-10-07 23:24:55,985:INFO:SubProcess create_model() called ==================================
2023-10-07 23:24:55,986:INFO:Initializing create_model()
2023-10-07 23:24:55,987:INFO:create_model(self=<pycaret.classification.oop.ClassificationExperiment object at 0x000002DB09028B50>, estimator=lightgbm, fold=StratifiedKFold(n_splits=5, random_state=None, shuffle=False), round=4, cross_validation=True, predict=True, fit_kwargs={}, groups=None, refit=False, probability_threshold=None, experiment_custom_tags=None, verbose=False, system=False, add_to_model_list=True, metrics=None, display=<pycaret.internal.display.display.CommonDisplay object at 0x000002DB09028A00>, model_only=True, return_train_score=False, kwargs={})
2023-10-07 23:24:55,987:INFO:Checking exceptions
2023-10-07 23:24:55,987:INFO:Importing libraries
2023-10-07 23:24:55,987:INFO:Copying training dataset
2023-10-07 23:24:56,360:INFO:Defining folds
2023-10-07 23:24:56,362:INFO:Declaring metric variables
2023-10-07 23:24:56,376:INFO:Importing untrained model
2023-10-07 23:24:56,397:INFO:Light Gradient Boosting Machine Imported successfully
2023-10-07 23:24:56,444:INFO:Starting cross validation
2023-10-07 23:24:56,453:INFO:Cross validating with StratifiedKFold(n_splits=5, random_state=None, shuffle=False), n_jobs=-1
2023-10-07 23:25:07,921:INFO:Calculating mean and std
2023-10-07 23:25:07,924:INFO:Creating metrics dataframe
2023-10-07 23:25:07,957:INFO:Uploading results into container
2023-10-07 23:25:07,963:INFO:Uploading model into container now
2023-10-07 23:25:07,970:INFO:_master_model_container: 14
2023-10-07 23:25:07,971:INFO:_display_container: 2
2023-10-07 23:25:07,973:INFO:LGBMClassifier(boosting_type='gbdt', class_weight=None, colsample_bytree=1.0,
               importance_type='split', learning_rate=0.1, max_depth=-1,
               min_child_samples=20, min_child_weight=0.001, min_split_gain=0.0,
               n_estimators=100, n_jobs=-1, num_leaves=31, objective=None,
               random_state=42, reg_alpha=0.0, reg_lambda=0.0, subsample=1.0,
               subsample_for_bin=200000, subsample_freq=0)
2023-10-07 23:25:07,974:INFO:create_model() successfully completed......................................
2023-10-07 23:25:09,879:INFO:SubProcess create_model() end ==================================
2023-10-07 23:25:09,880:INFO:Creating metrics dataframe
2023-10-07 23:25:09,934:INFO:Initializing Dummy Classifier
2023-10-07 23:25:09,934:INFO:Total runtime is 5.143292570114136 minutes
2023-10-07 23:25:09,954:INFO:SubProcess create_model() called ==================================
2023-10-07 23:25:09,955:INFO:Initializing create_model()
2023-10-07 23:25:09,955:INFO:create_model(self=<pycaret.classification.oop.ClassificationExperiment object at 0x000002DB09028B50>, estimator=dummy, fold=StratifiedKFold(n_splits=5, random_state=None, shuffle=False), round=4, cross_validation=True, predict=True, fit_kwargs={}, groups=None, refit=False, probability_threshold=None, experiment_custom_tags=None, verbose=False, system=False, add_to_model_list=True, metrics=None, display=<pycaret.internal.display.display.CommonDisplay object at 0x000002DB09028A00>, model_only=True, return_train_score=False, kwargs={})
2023-10-07 23:25:09,955:INFO:Checking exceptions
2023-10-07 23:25:09,956:INFO:Importing libraries
2023-10-07 23:25:09,957:INFO:Copying training dataset
2023-10-07 23:25:10,339:INFO:Defining folds
2023-10-07 23:25:10,341:INFO:Declaring metric variables
2023-10-07 23:25:10,360:INFO:Importing untrained model
2023-10-07 23:25:10,390:INFO:Dummy Classifier Imported successfully
2023-10-07 23:25:10,424:INFO:Starting cross validation
2023-10-07 23:25:10,442:INFO:Cross validating with StratifiedKFold(n_splits=5, random_state=None, shuffle=False), n_jobs=-1
2023-10-07 23:25:15,546:INFO:Calculating mean and std
2023-10-07 23:25:15,550:INFO:Creating metrics dataframe
2023-10-07 23:25:15,567:INFO:Uploading results into container
2023-10-07 23:25:15,571:INFO:Uploading model into container now
2023-10-07 23:25:15,573:INFO:_master_model_container: 15
2023-10-07 23:25:15,574:INFO:_display_container: 2
2023-10-07 23:25:15,575:INFO:DummyClassifier(constant=None, random_state=42, strategy='prior')
2023-10-07 23:25:15,575:INFO:create_model() successfully completed......................................
2023-10-07 23:25:17,335:INFO:SubProcess create_model() end ==================================
2023-10-07 23:25:17,335:INFO:Creating metrics dataframe
2023-10-07 23:25:17,441:INFO:Initializing create_model()
2023-10-07 23:25:17,442:INFO:create_model(self=<pycaret.classification.oop.ClassificationExperiment object at 0x000002DB09028B50>, estimator=DecisionTreeClassifier(ccp_alpha=0.0, class_weight=None, criterion='gini',
                       max_depth=None, max_features=None, max_leaf_nodes=None,
                       min_impurity_decrease=0.0, min_samples_leaf=1,
                       min_samples_split=2, min_weight_fraction_leaf=0.0,
                       random_state=42, splitter='best'), fold=StratifiedKFold(n_splits=5, random_state=None, shuffle=False), round=4, cross_validation=False, predict=False, fit_kwargs={}, groups=None, refit=True, probability_threshold=None, experiment_custom_tags=None, verbose=False, system=False, add_to_model_list=True, metrics=None, display=None, model_only=True, return_train_score=False, kwargs={})
2023-10-07 23:25:17,443:INFO:Checking exceptions
2023-10-07 23:25:17,452:INFO:Importing libraries
2023-10-07 23:25:17,453:INFO:Copying training dataset
2023-10-07 23:25:18,015:INFO:Defining folds
2023-10-07 23:25:18,016:INFO:Declaring metric variables
2023-10-07 23:25:18,018:INFO:Importing untrained model
2023-10-07 23:25:18,020:INFO:Declaring custom model
2023-10-07 23:25:18,033:INFO:Decision Tree Classifier Imported successfully
2023-10-07 23:25:18,047:INFO:Cross validation set to False
2023-10-07 23:25:18,048:INFO:Fitting Model
2023-10-07 23:25:20,038:INFO:DecisionTreeClassifier(ccp_alpha=0.0, class_weight=None, criterion='gini',
                       max_depth=None, max_features=None, max_leaf_nodes=None,
                       min_impurity_decrease=0.0, min_samples_leaf=1,
                       min_samples_split=2, min_weight_fraction_leaf=0.0,
                       random_state=42, splitter='best')
2023-10-07 23:25:20,038:INFO:create_model() successfully completed......................................
2023-10-07 23:25:21,356:INFO:Initializing create_model()
2023-10-07 23:25:21,357:INFO:create_model(self=<pycaret.classification.oop.ClassificationExperiment object at 0x000002DB09028B50>, estimator=RidgeClassifier(alpha=1.0, class_weight=None, copy_X=True, fit_intercept=True,
                max_iter=None, positive=False, random_state=42, solver='auto',
                tol=0.0001), fold=StratifiedKFold(n_splits=5, random_state=None, shuffle=False), round=4, cross_validation=False, predict=False, fit_kwargs={}, groups=None, refit=True, probability_threshold=None, experiment_custom_tags=None, verbose=False, system=False, add_to_model_list=True, metrics=None, display=None, model_only=True, return_train_score=False, kwargs={})
2023-10-07 23:25:21,358:INFO:Checking exceptions
2023-10-07 23:25:21,373:INFO:Importing libraries
2023-10-07 23:25:21,373:INFO:Copying training dataset
2023-10-07 23:25:21,826:INFO:Defining folds
2023-10-07 23:25:21,827:INFO:Declaring metric variables
2023-10-07 23:25:21,828:INFO:Importing untrained model
2023-10-07 23:25:21,831:INFO:Declaring custom model
2023-10-07 23:25:21,833:INFO:Ridge Classifier Imported successfully
2023-10-07 23:25:21,837:INFO:Cross validation set to False
2023-10-07 23:25:21,838:INFO:Fitting Model
2023-10-07 23:25:24,208:INFO:RidgeClassifier(alpha=1.0, class_weight=None, copy_X=True, fit_intercept=True,
                max_iter=None, positive=False, random_state=42, solver='auto',
                tol=0.0001)
2023-10-07 23:25:24,208:INFO:create_model() successfully completed......................................
2023-10-07 23:25:25,439:INFO:Initializing create_model()
2023-10-07 23:25:25,442:INFO:create_model(self=<pycaret.classification.oop.ClassificationExperiment object at 0x000002DB09028B50>, estimator=RandomForestClassifier(bootstrap=True, ccp_alpha=0.0, class_weight=None,
                       criterion='gini', max_depth=None, max_features='sqrt',
                       max_leaf_nodes=None, max_samples=None,
                       min_impurity_decrease=0.0, min_samples_leaf=1,
                       min_samples_split=2, min_weight_fraction_leaf=0.0,
                       n_estimators=100, n_jobs=-1, oob_score=False,
                       random_state=42, verbose=0, warm_start=False), fold=StratifiedKFold(n_splits=5, random_state=None, shuffle=False), round=4, cross_validation=False, predict=False, fit_kwargs={}, groups=None, refit=True, probability_threshold=None, experiment_custom_tags=None, verbose=False, system=False, add_to_model_list=True, metrics=None, display=None, model_only=True, return_train_score=False, kwargs={})
2023-10-07 23:25:25,443:INFO:Checking exceptions
2023-10-07 23:25:25,451:INFO:Importing libraries
2023-10-07 23:25:25,452:INFO:Copying training dataset
2023-10-07 23:25:25,802:INFO:Defining folds
2023-10-07 23:25:25,804:INFO:Declaring metric variables
2023-10-07 23:25:25,805:INFO:Importing untrained model
2023-10-07 23:25:25,805:INFO:Declaring custom model
2023-10-07 23:25:25,807:INFO:Random Forest Classifier Imported successfully
2023-10-07 23:25:25,810:INFO:Cross validation set to False
2023-10-07 23:25:25,811:INFO:Fitting Model
2023-10-07 23:25:34,351:INFO:RandomForestClassifier(bootstrap=True, ccp_alpha=0.0, class_weight=None,
                       criterion='gini', max_depth=None, max_features='sqrt',
                       max_leaf_nodes=None, max_samples=None,
                       min_impurity_decrease=0.0, min_samples_leaf=1,
                       min_samples_split=2, min_weight_fraction_leaf=0.0,
                       n_estimators=100, n_jobs=-1, oob_score=False,
                       random_state=42, verbose=0, warm_start=False)
2023-10-07 23:25:34,352:INFO:create_model() successfully completed......................................
2023-10-07 23:25:35,623:INFO:Initializing create_model()
2023-10-07 23:25:35,624:INFO:create_model(self=<pycaret.classification.oop.ClassificationExperiment object at 0x000002DB09028B50>, estimator=AdaBoostClassifier(algorithm='SAMME.R', base_estimator='deprecated',
                   estimator=None, learning_rate=1.0, n_estimators=50,
                   random_state=42), fold=StratifiedKFold(n_splits=5, random_state=None, shuffle=False), round=4, cross_validation=False, predict=False, fit_kwargs={}, groups=None, refit=True, probability_threshold=None, experiment_custom_tags=None, verbose=False, system=False, add_to_model_list=True, metrics=None, display=None, model_only=True, return_train_score=False, kwargs={})
2023-10-07 23:25:35,625:INFO:Checking exceptions
2023-10-07 23:25:35,637:INFO:Importing libraries
2023-10-07 23:25:35,638:INFO:Copying training dataset
2023-10-07 23:25:35,989:INFO:Defining folds
2023-10-07 23:25:35,990:INFO:Declaring metric variables
2023-10-07 23:25:35,991:INFO:Importing untrained model
2023-10-07 23:25:35,992:INFO:Declaring custom model
2023-10-07 23:25:35,993:INFO:Ada Boost Classifier Imported successfully
2023-10-07 23:25:35,999:INFO:Cross validation set to False
2023-10-07 23:25:35,999:INFO:Fitting Model
2023-10-07 23:25:38,312:INFO:AdaBoostClassifier(algorithm='SAMME.R', base_estimator='deprecated',
                   estimator=None, learning_rate=1.0, n_estimators=50,
                   random_state=42)
2023-10-07 23:25:38,312:INFO:create_model() successfully completed......................................
2023-10-07 23:25:39,260:INFO:Initializing create_model()
2023-10-07 23:25:39,261:INFO:create_model(self=<pycaret.classification.oop.ClassificationExperiment object at 0x000002DB09028B50>, estimator=GradientBoostingClassifier(ccp_alpha=0.0, criterion='friedman_mse', init=None,
                           learning_rate=0.1, loss='log_loss', max_depth=3,
                           max_features=None, max_leaf_nodes=None,
                           min_impurity_decrease=0.0, min_samples_leaf=1,
                           min_samples_split=2, min_weight_fraction_leaf=0.0,
                           n_estimators=100, n_iter_no_change=None,
                           random_state=42, subsample=1.0, tol=0.0001,
                           validation_fraction=0.1, verbose=0,
                           warm_start=False), fold=StratifiedKFold(n_splits=5, random_state=None, shuffle=False), round=4, cross_validation=False, predict=False, fit_kwargs={}, groups=None, refit=True, probability_threshold=None, experiment_custom_tags=None, verbose=False, system=False, add_to_model_list=True, metrics=None, display=None, model_only=True, return_train_score=False, kwargs={})
2023-10-07 23:25:39,262:INFO:Checking exceptions
2023-10-07 23:25:39,270:INFO:Importing libraries
2023-10-07 23:25:39,270:INFO:Copying training dataset
2023-10-07 23:25:39,650:INFO:Defining folds
2023-10-07 23:25:39,651:INFO:Declaring metric variables
2023-10-07 23:25:39,651:INFO:Importing untrained model
2023-10-07 23:25:39,652:INFO:Declaring custom model
2023-10-07 23:25:39,653:INFO:Gradient Boosting Classifier Imported successfully
2023-10-07 23:25:39,659:INFO:Cross validation set to False
2023-10-07 23:25:39,660:INFO:Fitting Model
2023-10-07 23:26:07,809:INFO:GradientBoostingClassifier(ccp_alpha=0.0, criterion='friedman_mse', init=None,
                           learning_rate=0.1, loss='log_loss', max_depth=3,
                           max_features=None, max_leaf_nodes=None,
                           min_impurity_decrease=0.0, min_samples_leaf=1,
                           min_samples_split=2, min_weight_fraction_leaf=0.0,
                           n_estimators=100, n_iter_no_change=None,
                           random_state=42, subsample=1.0, tol=0.0001,
                           validation_fraction=0.1, verbose=0,
                           warm_start=False)
2023-10-07 23:26:07,809:INFO:create_model() successfully completed......................................
2023-10-07 23:26:08,647:INFO:_master_model_container: 15
2023-10-07 23:26:08,648:INFO:_display_container: 2
2023-10-07 23:26:08,654:INFO:[DecisionTreeClassifier(ccp_alpha=0.0, class_weight=None, criterion='gini',
                       max_depth=None, max_features=None, max_leaf_nodes=None,
                       min_impurity_decrease=0.0, min_samples_leaf=1,
                       min_samples_split=2, min_weight_fraction_leaf=0.0,
                       random_state=42, splitter='best'), RidgeClassifier(alpha=1.0, class_weight=None, copy_X=True, fit_intercept=True,
                max_iter=None, positive=False, random_state=42, solver='auto',
                tol=0.0001), RandomForestClassifier(bootstrap=True, ccp_alpha=0.0, class_weight=None,
                       criterion='gini', max_depth=None, max_features='sqrt',
                       max_leaf_nodes=None, max_samples=None,
                       min_impurity_decrease=0.0, min_samples_leaf=1,
                       min_samples_split=2, min_weight_fraction_leaf=0.0,
                       n_estimators=100, n_jobs=-1, oob_score=False,
                       random_state=42, verbose=0, warm_start=False), AdaBoostClassifier(algorithm='SAMME.R', base_estimator='deprecated',
                   estimator=None, learning_rate=1.0, n_estimators=50,
                   random_state=42), GradientBoostingClassifier(ccp_alpha=0.0, criterion='friedman_mse', init=None,
                           learning_rate=0.1, loss='log_loss', max_depth=3,
                           max_features=None, max_leaf_nodes=None,
                           min_impurity_decrease=0.0, min_samples_leaf=1,
                           min_samples_split=2, min_weight_fraction_leaf=0.0,
                           n_estimators=100, n_iter_no_change=None,
                           random_state=42, subsample=1.0, tol=0.0001,
                           validation_fraction=0.1, verbose=0,
                           warm_start=False)]
2023-10-07 23:26:08,654:INFO:compare_models() successfully completed......................................
2023-10-07 23:28:07,936:WARNING:C:\Users\nudan\anaconda3\lib\site-packages\sklearn\linear_model\_logistic.py:458: ConvergenceWarning: lbfgs failed to converge (status=1):
STOP: TOTAL NO. of ITERATIONS REACHED LIMIT.

Increase the number of iterations (max_iter) or scale the data as shown in:
    https://scikit-learn.org/stable/modules/preprocessing.html
Please also refer to the documentation for alternative solver options:
    https://scikit-learn.org/stable/modules/linear_model.html#logistic-regression
  n_iter_i = _check_optimize_result(

